<?xml version="1.0" encoding="UTF-8"?>
<!-- Generated by org.testng.reporters.JUnitReportReporter -->
<testsuite name="com.org.iot.test.smoke.SmokeTest" tests="9" time="5.952" ignored="0" failures="0" timestamp="14 Mar 2017 07:32:50 GMT" skipped="0" hostname="THIYAGAM4" errors="0">
  <testcase name="updateAE" time="0.633" classname="com.org.iot.test.smoke.SmokeTest"/>
  <testcase name="createSubscriptionGroup" time="0.615" classname="com.org.iot.test.smoke.SmokeTest"/>
  <testcase name="createSubscriptionAE" time="0.248" classname="com.org.iot.test.smoke.SmokeTest"/>
  <testcase name="createContainer" time="0.341" classname="com.org.iot.test.smoke.SmokeTest"/>
  <testcase name="updateCNT" time="0.618" classname="com.org.iot.test.smoke.SmokeTest"/>
  <testcase name="createGroup" time="1.224" classname="com.org.iot.test.smoke.SmokeTest"/>
  <testcase name="getAE" time="1.802" classname="com.org.iot.test.smoke.SmokeTest"/>
  <testcase name="createSubscriptionCNT" time="0.315" classname="com.org.iot.test.smoke.SmokeTest"/>
  <testcase name="getContainerData" time="0.156" classname="com.org.iot.test.smoke.SmokeTest"/>
</testsuite> <!-- com.org.iot.test.smoke.SmokeTest -->
