<?xml version="1.0" encoding="UTF-8"?>
<!-- Generated by org.testng.reporters.JUnitReportReporter -->
<testsuite name="com.org.iot.test.smoke.TestPom" tests="1" time="0.000" ignored="0" failures="0" timestamp="15 Mar 2017 10:00:45 GMT" skipped="0" hostname="THIYAGAM4" errors="0">
  <testcase name="getAE" time="0.000" classname="com.org.iot.test.smoke.TestPom"/>
</testsuite> <!-- com.org.iot.test.smoke.TestPom -->
