<?xml version="1.0" encoding="UTF-8"?>
<!-- Generated by org.testng.reporters.JUnitReportReporter -->
<testsuite name="com.org.iot.test.smoke.Smoke" tests="9" time="4.962" ignored="0" failures="0" timestamp="15 Mar 2017 13:18:25 GMT" skipped="0" hostname="THIYAGAM4" errors="0">
  <testcase name="createGroup" time="1.024" classname="com.org.iot.test.smoke.Smoke"/>
  <testcase name="updateCNT" time="0.241" classname="com.org.iot.test.smoke.Smoke"/>
  <testcase name="updateAE" time="0.580" classname="com.org.iot.test.smoke.Smoke"/>
  <testcase name="getAE" time="1.777" classname="com.org.iot.test.smoke.Smoke"/>
  <testcase name="createSubscriptionCNT" time="0.301" classname="com.org.iot.test.smoke.Smoke"/>
  <testcase name="getContainerData" time="0.130" classname="com.org.iot.test.smoke.Smoke"/>
  <testcase name="createSubscriptionGroup" time="0.348" classname="com.org.iot.test.smoke.Smoke"/>
  <testcase name="createContainer" time="0.231" classname="com.org.iot.test.smoke.Smoke"/>
  <testcase name="createSubscriptionAE" time="0.330" classname="com.org.iot.test.smoke.Smoke"/>
</testsuite> <!-- com.org.iot.test.smoke.Smoke -->
