<?xml version="1.0" encoding="UTF-8"?>
<!-- Generated by org.testng.reporters.JUnitReportReporter -->
<testsuite name="com.org.iot.test.smoke.Smoke" tests="9" time="4.755" ignored="0" failures="0" timestamp="15 Mar 2017 10:04:43 GMT" skipped="0" hostname="THIYAGAM4" errors="0">
  <testcase name="createGroup" time="0.843" classname="com.org.iot.test.smoke.Smoke"/>
  <testcase name="updateCNT" time="0.267" classname="com.org.iot.test.smoke.Smoke"/>
  <testcase name="getAE" time="1.688" classname="com.org.iot.test.smoke.Smoke"/>
  <testcase name="updateAE" time="0.781" classname="com.org.iot.test.smoke.Smoke"/>
  <testcase name="createSubscriptionCNT" time="0.203" classname="com.org.iot.test.smoke.Smoke"/>
  <testcase name="getContainerData" time="0.159" classname="com.org.iot.test.smoke.Smoke"/>
  <testcase name="createSubscriptionGroup" time="0.299" classname="com.org.iot.test.smoke.Smoke"/>
  <testcase name="createContainer" time="0.203" classname="com.org.iot.test.smoke.Smoke"/>
  <testcase name="createSubscriptionAE" time="0.312" classname="com.org.iot.test.smoke.Smoke"/>
</testsuite> <!-- com.org.iot.test.smoke.Smoke -->
